c:\temp\visual studio 2017\projects\graphics in games\graphics code 2015\nclgl\debug\nclgl.pdb
c:\temp\visual studio 2017\projects\graphics in games\graphics code 2015\nclgl\debug\nclgl.idb
c:\temp\visual studio 2017\projects\graphics in games\graphics code 2015\nclgl\debug\cuberobot.obj
c:\temp\visual studio 2017\projects\graphics in games\graphics code 2015\nclgl\debug\frustum.obj
c:\temp\visual studio 2017\projects\graphics in games\graphics code 2015\nclgl\debug\gametimer.obj
c:\temp\visual studio 2017\projects\graphics in games\graphics code 2015\nclgl\debug\heightmap.obj
c:\temp\visual studio 2017\projects\graphics in games\graphics code 2015\nclgl\debug\keyboard.obj
c:\temp\visual studio 2017\projects\graphics in games\graphics code 2015\nclgl\debug\matrix4.obj
c:\temp\visual studio 2017\projects\graphics in games\graphics code 2015\nclgl\debug\md5anim.obj
c:\temp\visual studio 2017\projects\graphics in games\graphics code 2015\nclgl\debug\md5filedata.obj
c:\temp\visual studio 2017\projects\graphics in games\graphics code 2015\nclgl\debug\md5mesh.obj
c:\temp\visual studio 2017\projects\graphics in games\graphics code 2015\nclgl\debug\md5node.obj
c:\temp\visual studio 2017\projects\graphics in games\graphics code 2015\nclgl\debug\mesh.obj
c:\temp\visual studio 2017\projects\graphics in games\graphics code 2015\nclgl\debug\mouse.obj
c:\temp\visual studio 2017\projects\graphics in games\graphics code 2015\nclgl\debug\objmesh.obj
c:\temp\visual studio 2017\projects\graphics in games\graphics code 2015\nclgl\debug\oglrenderer.obj
c:\temp\visual studio 2017\projects\graphics in games\graphics code 2015\nclgl\debug\plane.obj
c:\temp\visual studio 2017\projects\graphics in games\graphics code 2015\nclgl\debug\quaternion.obj
c:\temp\visual studio 2017\projects\graphics in games\graphics code 2015\nclgl\debug\scenenode.obj
c:\temp\visual studio 2017\projects\graphics in games\graphics code 2015\nclgl\debug\shader.obj
c:\temp\visual studio 2017\projects\graphics in games\graphics code 2015\nclgl\debug\textmesh.obj
c:\temp\visual studio 2017\projects\graphics in games\graphics code 2015\nclgl\debug\window.obj
c:\temp\visual studio 2017\projects\graphics in games\graphics code 2015\nclgl\debug\camera.obj
c:\temp\visual studio 2017\projects\graphics in games\graphics code 2015\nclgl\debug\particleemitter.obj
c:\temp\visual studio 2017\projects\graphics in games\graphics code 2015\graphics for games\debug\nclgl.lib
c:\temp\visual studio 2017\projects\graphics in games\graphics code 2015\graphics for games\debug\nclgl.pdb
c:\temp\visual studio 2017\projects\graphics in games\graphics code 2015\nclgl\debug\nclgl.tlog\cl.command.1.tlog
c:\temp\visual studio 2017\projects\graphics in games\graphics code 2015\nclgl\debug\nclgl.tlog\cl.read.1.tlog
c:\temp\visual studio 2017\projects\graphics in games\graphics code 2015\nclgl\debug\nclgl.tlog\cl.write.1.tlog
c:\temp\visual studio 2017\projects\graphics in games\graphics code 2015\nclgl\debug\nclgl.tlog\lib-link.read.1.tlog
c:\temp\visual studio 2017\projects\graphics in games\graphics code 2015\nclgl\debug\nclgl.tlog\lib-link.write.1.tlog
c:\temp\visual studio 2017\projects\graphics in games\graphics code 2015\nclgl\debug\nclgl.tlog\lib.command.1.tlog
