  Renderer_Scene.cpp
c:\temp\visual studio 2017\projects\graphics in games\graphics code 2015\graphics for games\graphics coursework\renderer_scene.cpp(316): warning C4244: '=': conversion from 'float' to 'int', possible loss of data
c:\temp\visual studio 2017\projects\graphics in games\graphics code 2015\graphics for games\graphics coursework\renderer_scene.cpp(356): warning C4552: '!=': operator has no effect; expected operator with side-effect
c:\temp\visual studio 2017\projects\graphics in games\graphics code 2015\graphics for games\graphics coursework\renderer_scene.cpp(372): warning C4244: '=': conversion from 'double' to 'float', possible loss of data
c:\temp\visual studio 2017\projects\graphics in games\graphics code 2015\graphics for games\graphics coursework\renderer_scene.cpp(695): warning C4244: 'argument': conversion from 'int' to 'const float', possible loss of data
c:\temp\visual studio 2017\projects\graphics in games\graphics code 2015\graphics for games\graphics coursework\renderer_scene.cpp(705): warning C4244: 'argument': conversion from 'int' to 'const float', possible loss of data
c:\temp\visual studio 2017\projects\graphics in games\graphics code 2015\graphics for games\graphics coursework\renderer_scene.cpp(724): warning C4244: 'argument': conversion from 'int' to 'const float', possible loss of data
c:\temp\visual studio 2017\projects\graphics in games\graphics code 2015\graphics for games\graphics coursework\renderer_scene.cpp(734): warning C4244: 'argument': conversion from 'int' to 'const float', possible loss of data
c:\temp\visual studio 2017\projects\graphics in games\graphics code 2015\graphics for games\graphics coursework\renderer_scene.cpp(753): warning C4244: 'argument': conversion from 'int' to 'const float', possible loss of data
c:\temp\visual studio 2017\projects\graphics in games\graphics code 2015\graphics for games\graphics coursework\renderer_scene.cpp(763): warning C4244: 'argument': conversion from 'int' to 'const float', possible loss of data
c:\temp\visual studio 2017\projects\graphics in games\graphics code 2015\graphics for games\graphics coursework\renderer_scene.cpp(782): warning C4244: 'argument': conversion from 'int' to 'const float', possible loss of data
c:\temp\visual studio 2017\projects\graphics in games\graphics code 2015\graphics for games\graphics coursework\renderer_scene.cpp(792): warning C4244: 'argument': conversion from 'int' to 'const float', possible loss of data
c:\temp\visual studio 2017\projects\graphics in games\graphics code 2015\graphics for games\graphics coursework\renderer_scene.cpp(811): warning C4244: 'argument': conversion from 'float' to 'int', possible loss of data
MSVCRTD.lib(initializers.obj) : warning LNK4098: defaultlib 'libcmt.lib' conflicts with use of other libs; use /NODEFAULTLIB:library
Renderer_Scene.obj : warning LNK4049: locally defined symbol ___glewActiveTexture imported
Renderer_Scene.obj : warning LNK4049: locally defined symbol ___glewGetUniformLocation imported
Renderer_Scene.obj : warning LNK4049: locally defined symbol ___glewUniform1f imported
Renderer_Scene.obj : warning LNK4049: locally defined symbol ___glewUniform1i imported
Renderer_Scene.obj : warning LNK4049: locally defined symbol ___glewUniform2f imported
Renderer_Scene.obj : warning LNK4049: locally defined symbol ___glewUniform3fv imported
Renderer_Scene.obj : warning LNK4049: locally defined symbol ___glewUniformMatrix4fv imported
Renderer_Scene.obj : warning LNK4049: locally defined symbol ___glewUseProgram imported
Renderer_Scene.obj : warning LNK4049: locally defined symbol ___glewBindFramebuffer imported
Renderer_Scene.obj : warning LNK4049: locally defined symbol ___glewCheckFramebufferStatus imported
Renderer_Scene.obj : warning LNK4049: locally defined symbol ___glewDeleteFramebuffers imported
Renderer_Scene.obj : warning LNK4049: locally defined symbol ___glewFramebufferTexture2D imported
Renderer_Scene.obj : warning LNK4049: locally defined symbol ___glewGenFramebuffers imported
glew32.lib(glew.obj) : warning LNK4099: PDB 'vc120.pdb' was not found with 'glew32.lib(glew.obj)' or at 'C:\temp\Visual Studio 2017\Projects\Graphics in games\Graphics Code 2015\Graphics For Games\Debug\vc120.pdb'; linking object as if no debug info
  GraphicsCoursework.vcxproj -> C:\temp\Visual Studio 2017\Projects\Graphics in games\Graphics Code 2015\Graphics For Games\Debug\GraphicsCoursework.exe
  GraphicsCoursework.vcxproj -> C:\temp\Visual Studio 2017\Projects\Graphics in games\Graphics Code 2015\Graphics For Games\Debug\GraphicsCoursework.pdb (Partial PDB)
